Build started 24/11/2014 09:55:24 p.m..
     1>Project "C:\Users\Rosaura\Documents\Visual Studio 2010\Projects\ComputerVision\HandTrackingCH\HandTrackingCH\HandTrackingCH.vcxproj" on node 2 (build target(s)).
     1>InitializeBuildStatus:
         Creating "Debug\HandTrackingCH.unsuccessfulbuild" because "AlwaysCreate" was specified.
       ClCompile:
         c:\Program Files (x86)\Microsoft Visual Studio 10.0\VC\bin\CL.exe /c /IC:\opencv\build\include\opencv /IC:\opencv\build\include /ZI /nologo /W3 /WX- /Od /Oy- /D WIN32 /D _DEBUG /D _CONSOLE /D _UNICODE /D UNICODE /Gm /EHsc /RTC1 /MDd /GS /fp:precise /Zc:wchar_t /Zc:forScope /Fo"Debug\\" /Fd"Debug\vc100.pdb" /Gd /TP /analyze- /errorReport:prompt convexhull2.cpp
         convexhull2.cpp
     1>c:\users\rosaura\documents\visual studio 2010\projects\computervision\handtrackingch\handtrackingch\convexhull2.cpp(41): warning C4101: 'n' : unreferenced local variable
       ManifestResourceCompile:
         All outputs are up-to-date.
       Link:
         c:\Program Files (x86)\Microsoft Visual Studio 10.0\VC\bin\link.exe /ERRORREPORT:PROMPT /OUT:"C:\Users\Rosaura\Documents\Visual Studio 2010\Projects\ComputerVision\HandTrackingCH\Debug\HandTrackingCH.exe" /INCREMENTAL /NOLOGO /LIBPATH:C:\opencv\build\include\opencv /LIBPATH:C:\opencv\build\x86\vc10\lib opencv_calib3d245d.lib opencv_contrib245d.lib opencv_core245d.lib opencv_features2d245d.lib opencv_flann245d.lib opencv_gpu245d.lib opencv_highgui245d.lib opencv_imgproc245d.lib opencv_legacy245d.lib opencv_ml245d.lib opencv_nonfree245d.lib opencv_objdetect245d.lib opencv_photo245d.lib opencv_stitching245d.lib opencv_superres245d.lib opencv_ts245d.lib opencv_video245d.lib opencv_videostab245d.lib kernel32.lib user32.lib gdi32.lib winspool.lib comdlg32.lib advapi32.lib shell32.lib ole32.lib oleaut32.lib uuid.lib odbc32.lib odbccp32.lib /MANIFEST /ManifestFile:"Debug\HandTrackingCH.exe.intermediate.manifest" /MANIFESTUAC:"level='asInvoker' uiAccess='false'" /DEBUG /PDB:"C:\Users\Rosaura\Documents\Visual Studio 2010\Projects\ComputerVision\HandTrackingCH\Debug\HandTrackingCH.pdb" /SUBSYSTEM:CONSOLE /TLBID:1 /DYNAMICBASE /NXCOMPAT /IMPLIB:"C:\Users\Rosaura\Documents\Visual Studio 2010\Projects\ComputerVision\HandTrackingCH\Debug\HandTrackingCH.lib" /MACHINE:X86 Debug\HandTrackingCH.exe.embed.manifest.res
         Debug\convexhull2.obj
       Manifest:
         C:\Program Files (x86)\Microsoft SDKs\Windows\v7.0A\bin\mt.exe /nologo /verbose /out:"Debug\HandTrackingCH.exe.embed.manifest" /manifest Debug\HandTrackingCH.exe.intermediate.manifest
         All outputs are up-to-date.
       LinkEmbedManifest:
         All outputs are up-to-date.
         HandTrackingCH.vcxproj -> C:\Users\Rosaura\Documents\Visual Studio 2010\Projects\ComputerVision\HandTrackingCH\Debug\HandTrackingCH.exe
       FinalizeBuildStatus:
         Deleting file "Debug\HandTrackingCH.unsuccessfulbuild".
         Touching "Debug\HandTrackingCH.lastbuildstate".
     1>Done Building Project "C:\Users\Rosaura\Documents\Visual Studio 2010\Projects\ComputerVision\HandTrackingCH\HandTrackingCH\HandTrackingCH.vcxproj" (build target(s)).

Build succeeded.

Time Elapsed 00:00:02.39
