C:\USERS\ROSAURA\DOCUMENTS\VISUAL STUDIO 2010\PROJECTS\COMPUTERVISION\HANDTRACKINGCH\DEBUG\HANDTRACKINGCH.EXE
C:\USERS\ROSAURA\DOCUMENTS\VISUAL STUDIO 2010\PROJECTS\COMPUTERVISION\HANDTRACKINGCH\DEBUG\HANDTRACKINGCH.ILK
C:\USERS\ROSAURA\DOCUMENTS\VISUAL STUDIO 2010\PROJECTS\COMPUTERVISION\HANDTRACKINGCH\DEBUG\HANDTRACKINGCH.PDB
C:\Users\Rosaura\Documents\Visual Studio 2010\Projects\ComputerVision\HandTrackingCH\HandTrackingCH\Debug\cl.command.1.tlog
C:\Users\Rosaura\Documents\Visual Studio 2010\Projects\ComputerVision\HandTrackingCH\HandTrackingCH\Debug\CL.read.1.tlog
C:\Users\Rosaura\Documents\Visual Studio 2010\Projects\ComputerVision\HandTrackingCH\HandTrackingCH\Debug\CL.write.1.tlog
C:\USERS\ROSAURA\DOCUMENTS\VISUAL STUDIO 2010\PROJECTS\COMPUTERVISION\HANDTRACKINGCH\HANDTRACKINGCH\DEBUG\CONVEXHULL2.OBJ
C:\USERS\ROSAURA\DOCUMENTS\VISUAL STUDIO 2010\PROJECTS\COMPUTERVISION\HANDTRACKINGCH\HANDTRACKINGCH\DEBUG\HANDTRACKINGCH.EXE.EMBED.MANIFEST
C:\USERS\ROSAURA\DOCUMENTS\VISUAL STUDIO 2010\PROJECTS\COMPUTERVISION\HANDTRACKINGCH\HANDTRACKINGCH\DEBUG\HANDTRACKINGCH.EXE.EMBED.MANIFEST.RES
C:\USERS\ROSAURA\DOCUMENTS\VISUAL STUDIO 2010\PROJECTS\COMPUTERVISION\HANDTRACKINGCH\HANDTRACKINGCH\DEBUG\HANDTRACKINGCH.EXE.INTERMEDIATE.MANIFEST
C:\Users\Rosaura\Documents\Visual Studio 2010\Projects\ComputerVision\HandTrackingCH\HandTrackingCH\Debug\HandTrackingCH.vcxprojResolveAssemblyReference.cache
C:\Users\Rosaura\Documents\Visual Studio 2010\Projects\ComputerVision\HandTrackingCH\HandTrackingCH\Debug\HandTrackingCH.write.1.tlog
C:\Users\Rosaura\Documents\Visual Studio 2010\Projects\ComputerVision\HandTrackingCH\HandTrackingCH\Debug\HandTrackingCH_manifest.rc
C:\Users\Rosaura\Documents\Visual Studio 2010\Projects\ComputerVision\HandTrackingCH\HandTrackingCH\Debug\link.4036.read.1.tlog
C:\Users\Rosaura\Documents\Visual Studio 2010\Projects\ComputerVision\HandTrackingCH\HandTrackingCH\Debug\link.4036.write.1.tlog
C:\Users\Rosaura\Documents\Visual Studio 2010\Projects\ComputerVision\HandTrackingCH\HandTrackingCH\Debug\link.4036-cvtres.read.1.tlog
C:\Users\Rosaura\Documents\Visual Studio 2010\Projects\ComputerVision\HandTrackingCH\HandTrackingCH\Debug\link.4036-cvtres.write.1.tlog
C:\Users\Rosaura\Documents\Visual Studio 2010\Projects\ComputerVision\HandTrackingCH\HandTrackingCH\Debug\link.5508.read.1.tlog
C:\Users\Rosaura\Documents\Visual Studio 2010\Projects\ComputerVision\HandTrackingCH\HandTrackingCH\Debug\link.5508.write.1.tlog
C:\Users\Rosaura\Documents\Visual Studio 2010\Projects\ComputerVision\HandTrackingCH\HandTrackingCH\Debug\link.5508-cvtres.read.1.tlog
C:\Users\Rosaura\Documents\Visual Studio 2010\Projects\ComputerVision\HandTrackingCH\HandTrackingCH\Debug\link.5508-cvtres.write.1.tlog
C:\Users\Rosaura\Documents\Visual Studio 2010\Projects\ComputerVision\HandTrackingCH\HandTrackingCH\Debug\link.7784.read.1.tlog
C:\Users\Rosaura\Documents\Visual Studio 2010\Projects\ComputerVision\HandTrackingCH\HandTrackingCH\Debug\link.7784.write.1.tlog
C:\Users\Rosaura\Documents\Visual Studio 2010\Projects\ComputerVision\HandTrackingCH\HandTrackingCH\Debug\link.7784-cvtres.read.1.tlog
C:\Users\Rosaura\Documents\Visual Studio 2010\Projects\ComputerVision\HandTrackingCH\HandTrackingCH\Debug\link.7784-cvtres.write.1.tlog
C:\Users\Rosaura\Documents\Visual Studio 2010\Projects\ComputerVision\HandTrackingCH\HandTrackingCH\Debug\link.command.1.tlog
C:\Users\Rosaura\Documents\Visual Studio 2010\Projects\ComputerVision\HandTrackingCH\HandTrackingCH\Debug\link.read.1.tlog
C:\Users\Rosaura\Documents\Visual Studio 2010\Projects\ComputerVision\HandTrackingCH\HandTrackingCH\Debug\link.write.1.tlog
C:\Users\Rosaura\Documents\Visual Studio 2010\Projects\ComputerVision\HandTrackingCH\HandTrackingCH\Debug\link-cvtres.read.1.tlog
C:\Users\Rosaura\Documents\Visual Studio 2010\Projects\ComputerVision\HandTrackingCH\HandTrackingCH\Debug\link-cvtres.write.1.tlog
C:\Users\Rosaura\Documents\Visual Studio 2010\Projects\ComputerVision\HandTrackingCH\HandTrackingCH\Debug\mt.command.1.tlog
C:\Users\Rosaura\Documents\Visual Studio 2010\Projects\ComputerVision\HandTrackingCH\HandTrackingCH\Debug\mt.read.1.tlog
C:\Users\Rosaura\Documents\Visual Studio 2010\Projects\ComputerVision\HandTrackingCH\HandTrackingCH\Debug\mt.write.1.tlog
C:\Users\Rosaura\Documents\Visual Studio 2010\Projects\ComputerVision\HandTrackingCH\HandTrackingCH\Debug\rc.command.1.tlog
C:\Users\Rosaura\Documents\Visual Studio 2010\Projects\ComputerVision\HandTrackingCH\HandTrackingCH\Debug\rc.read.1.tlog
C:\Users\Rosaura\Documents\Visual Studio 2010\Projects\ComputerVision\HandTrackingCH\HandTrackingCH\Debug\rc.write.1.tlog
C:\Users\Rosaura\Documents\Visual Studio 2010\Projects\ComputerVision\HandTrackingCH\HandTrackingCH\Debug\vc100.idb
C:\USERS\ROSAURA\DOCUMENTS\VISUAL STUDIO 2010\PROJECTS\COMPUTERVISION\HANDTRACKINGCH\HANDTRACKINGCH\DEBUG\VC100.PDB
